\BOOKMARK [1][-]{section.1}{Einleitung}{}% 1
\BOOKMARK [2][-]{subsection.1.1}{Ziele}{section.1}% 2
\BOOKMARK [2][-]{subsection.1.2}{Funktionsweise}{section.1}% 3
\BOOKMARK [2][-]{subsection.1.3}{\334berblick}{section.1}% 4
\BOOKMARK [2][-]{subsection.1.4}{Inhalt}{section.1}% 5
\BOOKMARK [1][-]{section.2}{Anwendung}{}% 6
\BOOKMARK [2][-]{subsection.2.1}{Start}{section.2}% 7
\BOOKMARK [2][-]{subsection.2.2}{Navigation}{section.2}% 8
\BOOKMARK [2][-]{subsection.2.3}{Nutzer-bearbeiten-Screen}{section.2}% 9
\BOOKMARK [2][-]{subsection.2.4}{Shop-Screen}{section.2}% 10
\BOOKMARK [3][-]{subsubsection.2.4.1}{Artikel zum Einkaufswagen hinzuf\374gen}{subsection.2.4}% 11
\BOOKMARK [3][-]{subsubsection.2.4.2}{Artikel aus dem Einkaufswagen entfernen}{subsection.2.4}% 12
\BOOKMARK [3][-]{subsubsection.2.4.3}{Verhalten des Einkaufswagen-Buttons}{subsection.2.4}% 13
\BOOKMARK [3][-]{subsubsection.2.4.4}{Artikel kaufen}{subsection.2.4}% 14
\BOOKMARK [3][-]{subsubsection.2.4.5}{Barcode von Artikeln scannen}{subsection.2.4}% 15
\BOOKMARK [2][-]{subsection.2.5}{Shop-Screen \(Zus\344tzliche Administrator Funktionalit\344ten\)}{section.2}% 16
\BOOKMARK [3][-]{subsubsection.2.5.1}{Artikel bearbeiten}{subsection.2.5}% 17
\BOOKMARK [3][-]{subsubsection.2.5.2}{Artikel hinzuf\374gen}{subsection.2.5}% 18
\BOOKMARK [3][-]{subsubsection.2.5.3}{Barcode von Artikeln scannen}{subsection.2.5}% 19
\BOOKMARK [2][-]{subsection.2.6}{Einkaufs-Historie-Screen}{section.2}% 20
\BOOKMARK [2][-]{subsection.2.7}{Nutzer-Screen \(Administrator Funktionalit\344t\)}{section.2}% 21
\BOOKMARK [2][-]{subsection.2.8}{Statistiken-Screen}{section.2}% 22
\BOOKMARK [2][-]{subsection.2.9}{Einstellungen-Screen}{section.2}% 23
\BOOKMARK [2][-]{subsection.2.10}{Aktualisieren von Server-Daten}{section.2}% 24
\BOOKMARK [2][-]{subsection.2.11}{Unterst\374tzte Sprachen}{section.2}% 25
\BOOKMARK [2][-]{subsection.2.12}{Shortcut-Funktion zum Scannen von Artikeln}{section.2}% 26
\BOOKMARK [1][-]{section.3}{Architektur}{}% 27
\BOOKMARK [2][-]{subsection.3.1}{Datenmodell}{section.3}% 28
\BOOKMARK [2][-]{subsection.3.2}{Frontend-Architektur}{section.3}% 29
\BOOKMARK [3][-]{subsubsection.3.2.1}{Aufbau der MainActivity}{subsection.3.2}% 30
\BOOKMARK [3][-]{subsubsection.3.2.2}{Fragmente}{subsection.3.2}% 31
\BOOKMARK [3][-]{subsubsection.3.2.3}{Toolbar}{subsection.3.2}% 32
\BOOKMARK [3][-]{subsubsection.3.2.4}{Navigation-Drawer}{subsection.3.2}% 33
\BOOKMARK [3][-]{subsubsection.3.2.5}{Ausnahmen}{subsection.3.2}% 34
\BOOKMARK [3][-]{subsubsection.3.2.6}{Kommunikation mit dem Backend-Layer}{subsection.3.2}% 35
\BOOKMARK [3][-]{subsubsection.3.2.7}{RecyclerViews}{subsection.3.2}% 36
\BOOKMARK [2][-]{subsection.3.3}{Backend-Architektur}{section.3}% 37
\BOOKMARK [3][-]{subsubsection.3.3.1}{Base-Layer}{subsection.3.3}% 38
\BOOKMARK [3][-]{subsubsection.3.3.2}{Abstraction-Layer}{subsection.3.3}% 39
\BOOKMARK [3][-]{subsubsection.3.3.3}{Access-Layer}{subsection.3.3}% 40
\BOOKMARK [3][-]{subsubsection.3.3.4}{Tests}{subsection.3.3}% 41
\BOOKMARK [1][-]{section.4}{Anhang}{}% 42
\BOOKMARK [2][-]{subsection.4.1}{Bibliotheken}{section.4}% 43
